e993ee0-Camilo0414-2019-02-25 15:19:07
6	2	script-get-commits.sh

084b9ff-Camilo0414-2019-02-25 11:50:40
14	5	script-get-commits.sh

a6c5037-Camilo0414-2019-02-22 16:35:39
11	2	script-get-commits.sh

28e68a9-Camilo0414-2019-02-22 15:29:04
16	11	script-get-commits.sh

b249d4f-Camilo0414-2019-02-22 10:14:50
0	5	log/script.log
2	1	script-get-code-lines.sh
16	1	script-get-commits.sh

9051f97-Camilo0414-2019-02-20 11:28:28
0	0	{logs => log}/script.log

3040843-Camilo0414-2019-02-20 11:25:16
0	7	code_lines.log
0	0	log_script.log
5	0	logs/script.log
1	2	script-get-code-lines.sh
1	1	script-get-commits.sh

1e7ccbb-Camilo0414-2019-02-20 11:21:42
7	0	code_lines.log
0	0	logfile.log => log_script.log
4	0	script-get-code-lines.sh
4	0	script-get-commits.sh

58f281a-juan-2019-02-19 14:24:45
0	13	webpages/webpageslein/.hgignore
0	5	webpages/webpageslein/target/classes/META-INF/maven/webpageslein/webpageslein/pom.properties
0	1	webpages/webpageslein/target/stale/leiningen.core.classpath.extract-native-dependencies
-	-	webpages/webpageslein/target/webpageslein-0.1.0-SNAPSHOT-standalone.jar
-	-	webpages/webpageslein/target/webpageslein-0.1.0-SNAPSHOT.jar

5a7db6b-unknown-2019-02-18 11:18:21
0	0	logfile.log
13	0	webpages/webpageslein/.hgignore
5	0	webpages/webpageslein/target/classes/META-INF/maven/webpageslein/webpageslein/pom.properties
1	0	webpages/webpageslein/target/stale/leiningen.core.classpath.extract-native-dependencies
-	-	webpages/webpageslein/target/webpageslein-0.1.0-SNAPSHOT-standalone.jar
-	-	webpages/webpageslein/target/webpageslein-0.1.0-SNAPSHOT.jar

5692b6e-Camilo0414-2018-10-23 13:22:52
0	12	mockups/READ ME.txt
0	146	mockups/colaborador.html
0	65	mockups/css/colaborador.css
0	48	mockups/css/styles.css
0	63	mockups/css/sugerirtemas.css
0	155	mockups/index.html
0	576	mockups/js/smooth-scroll.js
0	2	mockups/js/smooth-scroll.min.js
0	627	mockups/js/smooth-scroll.polyfills.js
0	2	mockups/js/smooth-scroll.polyfills.min.js
0	94	mockups/sugerirtemas.html

5a2a825-jcibanez-2018-04-16 11:07:22
3	0	webpages/personalstyle.css
44	16	webpages/profesional.html

fee1490-Camilo0414-2018-03-01 18:35:56
12	0	mockups/READ ME.txt
146	0	mockups/colaborador.html
65	0	mockups/css/colaborador.css
48	0	mockups/css/styles.css
63	0	mockups/css/sugerirtemas.css
155	0	mockups/index.html
576	0	mockups/js/smooth-scroll.js
2	0	mockups/js/smooth-scroll.min.js
627	0	mockups/js/smooth-scroll.polyfills.js
2	0	mockups/js/smooth-scroll.polyfills.min.js
94	0	mockups/sugerirtemas.html

fea89ac-Camilo0414-2018-02-16 01:38:45
55	0	webpages/pages.css
83	0	webpages/personal.html
150	0	webpages/personalstyle.css
114	0	webpages/profesional.html
42	0	webpages/profesionalstyle.css
57	0	webpages/webPageOne.html

d0cf9e1-Camilo0414-2018-02-16 01:37:26
0	55	webpages/pages.css
0	83	webpages/personal.html
0	150	webpages/personalstyle.css
0	114	webpages/profesional.html
0	42	webpages/profesionalstyle.css
0	57	webpages/webPageOne.html

8dd3a63-Camilo0414-2018-02-16 01:30:04
16	0	webpages/pages.css
83	0	webpages/personal.html
150	0	webpages/personalstyle.css
114	0	webpages/profesional.html
42	0	webpages/profesionalstyle.css
37	38	webpages/webPageOne.html

7300531-Camilo0414-2018-02-13 23:17:47
39	0	webpages/pages.css
58	0	webpages/webPageOne.html
